--2026-02-20 07:44:49--  http://exoplanetarchive.ipac.caltech.edu/data/ExoData/0000/0000184/spectra/UID_0000184_spec_CPS_01.ipac
Resolving exoplanetarchive.ipac.caltech.edu (exoplanetarchive.ipac.caltech.edu)... 134.4.25.48
Connecting to exoplanetarchive.ipac.caltech.edu (exoplanetarchive.ipac.caltech.edu)|134.4.25.48|:80... connected.
HTTP request sent, awaiting response... 302 Found
Location: https://exoplanetarchive.ipac.caltech.edu/data/ExoData/0000/0000184/spectra/UID_0000184_spec_CPS_01.ipac [following]
--2026-02-20 07:44:49--  https://exoplanetarchive.ipac.caltech.edu/data/ExoData/0000/0000184/spectra/UID_0000184_spec_CPS_01.ipac
Connecting to exoplanetarchive.ipac.caltech.edu (exoplanetarchive.ipac.caltech.edu)|134.4.25.48|:443... connected.
HTTP request sent, awaiting response... 200 OK
Length: 14176729 (14M)
Saving to: ‘UID_0000184_spec_CPS_01.ipac’

     0K .......... .......... .......... .......... ..........  0%  340K 41s
    50K .......... .......... .......... .......... ..........  0%  691K 30s
   100K .......... .......... .......... .......... ..........  1% 46.6M 20s
   150K .......... .......... .......... .......... ..........  1%  690K 20s
   200K .......... .......... .......... .......... ..........  1% 44.1M 16s
   250K .......... .......... .......... .......... ..........  2% 41.9M 13s
   300K .......... .......... .......... .......... ..........  2% 85.9M 11s
   350K .......... .......... .......... .......... ..........  2%  711K 12s
   400K .......... .......... .......... .......... ..........  3%  104M 11s
   450K .......... .......... .......... .......... ..........  3%  249M 10s
   500K .......... .......... .......... .......... ..........  3% 30.6M 9s
   550K .......... .......... .......... .......... ..........  4% 99.9M 8s
   600K .......... .......... .......... .......... ..........  4% 92.1M 7s
   650K .......... .......... .......... .......... ..........  5%  707K 8s
   700K .......... .......... .......... .......... ..........  5%  103M 8s
   750K .......... .......... .......... .......... ..........  5%  168M 7s
   800K .......... .......... .......... .......... ..........  6% 7.66M 7s
   850K .......... .......... .......... .......... ..........  6% 12.1M 6s
   900K .......... .......... .......... .......... ..........  6% 8.61M 6s
   950K .......... .......... .......... .......... ..........  7% 11.9M 6s
  1000K .......... .......... .......... .......... ..........  7% 10.7M 6s
  1050K .......... .......... .......... .......... ..........  7% 51.2M 5s
  1100K .......... .......... .......... .......... ..........  8%  249M 5s
  1150K .......... .......... .......... .......... ..........  8%  256M 5s
  1200K .......... .......... .......... .......... ..........  9%  195M 5s
  1250K .......... .......... .......... .......... ..........  9% 14.5M 5s
  1300K .......... .......... .......... .......... ..........  9%  157M 4s
  1350K .......... .......... .......... .......... .......... 10% 1.15M 5s
  1400K .......... .......... .......... .......... .......... 10%  186M 4s
  1450K .......... .......... .......... .......... .......... 10%  228M 4s
  1500K .......... .......... .......... .......... .......... 11%  205M 4s
  1550K .......... .......... .......... .......... .......... 11%  252M 4s
  1600K .......... .......... .......... .......... .......... 11%  165M 4s
  1650K .......... .......... .......... .......... .......... 12%  207M 4s
  1700K .......... .......... .......... .......... .......... 12%  254M 4s
  1750K .......... .......... .......... .......... .......... 13%  264M 3s
  1800K .......... .......... .......... .......... .......... 13%  255M 3s
  1850K .......... .......... .......... .......... .......... 13% 9.88M 3s
  1900K .......... .......... .......... .......... .......... 14%  145M 3s
  1950K .......... .......... .......... .......... .......... 14%  177M 3s
  2000K .......... .......... .......... .......... .......... 14%  135M 3s
  2050K .......... .......... .......... .......... .......... 15%  152M 3s
  2100K .......... .......... .......... .......... .......... 15%  156M 3s
  2150K .......... .......... .......... .......... .......... 15%  162M 3s
  2200K .......... .......... .......... .......... .......... 16% 13.4M 3s
  2250K .......... .......... .......... .......... .......... 16%  153M 3s
  2300K .......... .......... .......... .......... .......... 16%  159M 3s
  2350K .......... .......... .......... .......... .......... 17%  167M 3s
  2400K .......... .......... .......... .......... .......... 17%  133M 2s
  2450K .......... .......... .......... .......... .......... 18%  194M 2s
  2500K .......... .......... .......... .......... .......... 18% 17.1M 2s
  2550K .......... .......... .......... .......... .......... 18%  880K 3s
  2600K .......... .......... .......... .......... .......... 19%  174M 2s
  2650K .......... .......... .......... .......... .......... 19%  164M 2s
  2700K .......... .......... .......... .......... .......... 19%  158M 2s
  2750K .......... .......... .......... .......... .......... 20%  168M 2s
  2800K .......... .......... .......... .......... .......... 20% 13.6M 2s
  2850K .......... .......... .......... .......... .......... 20%  174M 2s
  2900K .......... .......... .......... .......... .......... 21%  168M 2s
  2950K .......... .......... .......... .......... .......... 21%  154M 2s
  3000K .......... .......... .......... .......... .......... 22%  259M 2s
  3050K .......... .......... .......... .......... .......... 22%  265M 2s
  3100K .......... .......... .......... .......... .......... 22%  264M 2s
  3150K .......... .......... .......... .......... .......... 23%  265M 2s
  3200K .......... .......... .......... .......... .......... 23% 13.0M 2s
  3250K .......... .......... .......... .......... .......... 23%  145M 2s
  3300K .......... .......... .......... .......... .......... 24%  152M 2s
  3350K .......... .......... .......... .......... .......... 24%  152M 2s
  3400K .......... .......... .......... .......... .......... 24% 16.2M 2s
  3450K .......... .......... .......... .......... .......... 25% 40.7M 2s
  3500K .......... .......... .......... .......... .......... 25% 31.0M 2s
  3550K .......... .......... .......... .......... .......... 26%  159M 2s
  3600K .......... .......... .......... .......... .......... 26%  117M 2s
  3650K .......... .......... .......... .......... .......... 26%  165M 2s
  3700K .......... .......... .......... .......... .......... 27%  205M 2s
  3750K .......... .......... .......... .......... .......... 27%  262M 2s
  3800K .......... .......... .......... .......... .......... 27% 14.7M 2s
  3850K .......... .......... .......... .......... .......... 28% 26.2M 2s
  3900K .......... .......... .......... .......... .......... 28% 29.9M 2s
  3950K .......... .......... .......... .......... .......... 28% 33.8M 2s
  4000K .......... .......... .......... .......... .......... 29% 21.5M 1s
  4050K .......... .......... .......... .......... .......... 29% 31.7M 1s
  4100K .......... .......... .......... .......... .......... 29% 37.8M 1s
  4150K .......... .......... .......... .......... .......... 30% 45.4M 1s
  4200K .......... .......... .......... .......... .......... 30% 48.0M 1s
  4250K .......... .......... .......... .......... .......... 31% 44.0M 1s
  4300K .......... .......... .......... .......... .......... 31% 32.5M 1s
  4350K .......... .......... .......... .......... .......... 31% 34.5M 1s
  4400K .......... .......... .......... .......... .......... 32% 27.5M 1s
  4450K .......... .......... .......... .......... .......... 32% 33.5M 1s
  4500K .......... .......... .......... .......... .......... 32% 32.2M 1s
  4550K .......... .......... .......... .......... .......... 33% 32.9M 1s
  4600K .......... .......... .......... .......... .......... 33% 33.6M 1s
  4650K .......... .......... .......... .......... .......... 33% 84.4M 1s
  4700K .......... .......... .......... .......... .......... 34%  179M 1s
  4750K .......... .......... .......... .......... .......... 34%  170M 1s
  4800K .......... .......... .......... .......... .......... 35%  149M 1s
  4850K .......... .......... .......... .......... .......... 35%  265M 1s
  4900K .......... .......... .......... .......... .......... 35%  265M 1s
  4950K .......... .......... .......... .......... .......... 36% 14.8M 1s
  5000K .......... .......... .......... .......... .......... 36%  126M 1s
  5050K .......... .......... .......... .......... .......... 36%  120M 1s
  5100K .......... .......... .......... .......... .......... 37% 2.29M 1s
  5150K .......... .......... .......... .......... .......... 37%  222M 1s
  5200K .......... .......... .......... .......... .......... 37%  178M 1s
  5250K .......... .......... .......... .......... .......... 38%  206M 1s
  5300K .......... .......... .......... .......... .......... 38%  238M 1s
  5350K .......... .......... .......... .......... .......... 39%  237M 1s
  5400K .......... .......... .......... .......... .......... 39%  248M 1s
  5450K .......... .......... .......... .......... .......... 39%  238M 1s
  5500K .......... .......... .......... .......... .......... 40% 9.16M 1s
  5550K .......... .......... .......... .......... .......... 40%  203M 1s
  5600K .......... .......... .......... .......... .......... 40%  196M 1s
  5650K .......... .......... .......... .......... .......... 41%  262M 1s
  5700K .......... .......... .......... .......... .......... 41%  222M 1s
  5750K .......... .......... .......... .......... .......... 41%  260M 1s
  5800K .......... .......... .......... .......... .......... 42%  243M 1s
  5850K .......... .......... .......... .......... .......... 42%  243M 1s
  5900K .......... .......... .......... .......... .......... 42%  254M 1s
  5950K .......... .......... .......... .......... .......... 43% 17.3M 1s
  6000K .......... .......... .......... .......... .......... 43%  117M 1s
  6050K .......... .......... .......... .......... .......... 44%  154M 1s
  6100K .......... .......... .......... .......... .......... 44%  156M 1s
  6150K .......... .......... .......... .......... .......... 44%  149M 1s
  6200K .......... .......... .......... .......... .......... 45%  167M 1s
  6250K .......... .......... .......... .......... .......... 45%  154M 1s
  6300K .......... .......... .......... .......... .......... 45% 18.5M 1s
  6350K .......... .......... .......... .......... .......... 46%  147M 1s
  6400K .......... .......... .......... .......... .......... 46%  112M 1s
  6450K .......... .......... .......... .......... .......... 46%  166M 1s
  6500K .......... .......... .......... .......... .......... 47%  154M 1s
  6550K .......... .......... .......... .......... .......... 47% 6.34M 1s
  6600K .......... .......... .......... .......... .......... 48% 16.5M 1s
  6650K .......... .......... .......... .......... .......... 48%  154M 1s
  6700K .......... .......... .......... .......... .......... 48%  149M 1s
  6750K .......... .......... .......... .......... .......... 49%  159M 1s
  6800K .......... .......... .......... .......... .......... 49%  125M 1s
  6850K .......... .......... .......... .......... .......... 49% 11.4M 1s
  6900K .......... .......... .......... .......... .......... 50% 17.1M 1s
  6950K .......... .......... .......... .......... .......... 50% 23.5M 1s
  7000K .......... .......... .......... .......... .......... 50%  148M 1s
  7050K .......... .......... .......... .......... .......... 51%  159M 1s
  7100K .......... .......... .......... .......... .......... 51%  171M 1s
  7150K .......... .......... .......... .......... .......... 52%  152M 1s
  7200K .......... .......... .......... .......... .......... 52%  128M 1s
  7250K .......... .......... .......... .......... .......... 52%  173M 1s
  7300K .......... .......... .......... .......... .......... 53% 6.97M 1s
  7350K .......... .......... .......... .......... .......... 53% 53.7M 1s
  7400K .......... .......... .......... .......... .......... 53%  154M 1s
  7450K .......... .......... .......... .......... .......... 54%  187M 1s
  7500K .......... .......... .......... .......... .......... 54%  255M 1s
  7550K .......... .......... .......... .......... .......... 54% 2.04M 1s
  7600K .......... .......... .......... .......... .......... 55% 55.5M 1s
  7650K .......... .......... .......... .......... .......... 55%  216M 1s
  7700K .......... .......... .......... .......... .......... 55%  234M 1s
  7750K .......... .......... .......... .......... .......... 56%  213M 1s
  7800K .......... .......... .......... .......... .......... 56%  235M 1s
  7850K .......... .......... .......... .......... .......... 57%  254M 1s
  7900K .......... .......... .......... .......... .......... 57%  247M 1s
  7950K .......... .......... .......... .......... .......... 57%  233M 1s
  8000K .......... .......... .......... .......... .......... 58% 19.4M 1s
  8050K .......... .......... .......... .......... .......... 58%  167M 1s
  8100K .......... .......... .......... .......... .......... 58%  147M 1s
  8150K .......... .......... .......... .......... .......... 59%  162M 1s
  8200K .......... .......... .......... .......... .......... 59%  172M 1s
  8250K .......... .......... .......... .......... .......... 59%  166M 0s
  8300K .......... .......... .......... .......... .......... 60% 18.0M 0s
  8350K .......... .......... .......... .......... .......... 60% 88.3M 0s
  8400K .......... .......... .......... .......... .......... 61%  124M 0s
  8450K .......... .......... .......... .......... .......... 61%  167M 0s
  8500K .......... .......... .......... .......... .......... 61% 34.9M 0s
  8550K .......... .......... .......... .......... .......... 62%  165M 0s
  8600K .......... .......... .......... .......... .......... 62%  156M 0s
  8650K .......... .......... .......... .......... .......... 62%  150M 0s
  8700K .......... .......... .......... .......... .......... 63%  166M 0s
  8750K .......... .......... .......... .......... .......... 63%  168M 0s
  8800K .......... .......... .......... .......... .......... 63% 16.6M 0s
  8850K .......... .......... .......... .......... .......... 64% 52.3M 0s
  8900K .......... .......... .......... .......... .......... 64%  167M 0s
  8950K .......... .......... .......... .......... .......... 65%  166M 0s
  9000K .......... .......... .......... .......... .......... 65%  177M 0s
  9050K .......... .......... .......... .......... .......... 65%  175M 0s
  9100K .......... .......... .......... .......... .......... 66% 24.9M 0s
  9150K .......... .......... .......... .......... .......... 66%  156M 0s
  9200K .......... .......... .......... .......... .......... 66%  122M 0s
  9250K .......... .......... .......... .......... .......... 67%  163M 0s
  9300K .......... .......... .......... .......... .......... 67%  161M 0s
  9350K .......... .......... .......... .......... .......... 67%  189M 0s
  9400K .......... .......... .......... .......... .......... 68%  159M 0s
  9450K .......... .......... .......... .......... .......... 68%  162M 0s
  9500K .......... .......... .......... .......... .......... 68% 15.1M 0s
  9550K .......... .......... .......... .......... .......... 69%  154M 0s
  9600K .......... .......... .......... .......... .......... 69%  122M 0s
  9650K .......... .......... .......... .......... .......... 70%  165M 0s
  9700K .......... .......... .......... .......... .......... 70%  258M 0s
  9750K .......... .......... .......... .......... .......... 70%  259M 0s
  9800K .......... .......... .......... .......... .......... 71%  261M 0s
  9850K .......... .......... .......... .......... .......... 71%  263M 0s
  9900K .......... .......... .......... .......... .......... 71% 19.0M 0s
  9950K .......... .......... .......... .......... .......... 72%  165M 0s
 10000K .......... .......... .......... .......... .......... 72%  116M 0s
 10050K .......... .......... .......... .......... .......... 72%  165M 0s
 10100K .......... .......... .......... .......... .......... 73%  165M 0s
 10150K .......... .......... .......... .......... .......... 73% 18.8M 0s
 10200K .......... .......... .......... .......... .......... 74%  128M 0s
 10250K .......... .......... .......... .......... .......... 74%  155M 0s
 10300K .......... .......... .......... .......... .......... 74%  180M 0s
 10350K .......... .......... .......... .......... .......... 75% 1.27M 0s
 10400K .......... .......... .......... .......... .......... 75% 90.1M 0s
 10450K .......... .......... .......... .......... .......... 75%  247M 0s
 10500K .......... .......... .......... .......... .......... 76%  235M 0s
 10550K .......... .......... .......... .......... .......... 76%  135M 0s
 10600K .......... .......... .......... .......... .......... 76%  266M 0s
 10650K .......... .......... .......... .......... .......... 77%  247M 0s
 10700K .......... .......... .......... .......... .......... 77%  248M 0s
 10750K .......... .......... .......... .......... .......... 78%  240M 0s
 10800K .......... .......... .......... .......... .......... 78% 8.35M 0s
 10850K .......... .......... .......... .......... .......... 78% 28.5M 0s
 10900K .......... .......... .......... .......... .......... 79%  158M 0s
 10950K .......... .......... .......... .......... .......... 79%  149M 0s
 11000K .......... .......... .......... .......... .......... 79%  157M 0s
 11050K .......... .......... .......... .......... .......... 80%  158M 0s
 11100K .......... .......... .......... .......... .......... 80% 18.1M 0s
 11150K .......... .......... .......... .......... .......... 80%  146M 0s
 11200K .......... .......... .......... .......... .......... 81%  114M 0s
 11250K .......... .......... .......... .......... .......... 81% 26.4M 0s
 11300K .......... .......... .......... .......... .......... 81%  128M 0s
 11350K .......... .......... .......... .......... .......... 82%  161M 0s
 11400K .......... .......... .......... .......... .......... 82%  173M 0s
 11450K .......... .......... .......... .......... .......... 83% 29.2M 0s
 11500K .......... .......... .......... .......... .......... 83%  164M 0s
 11550K .......... .......... .......... .......... .......... 83%  153M 0s
 11600K .......... .......... .......... .......... .......... 84%  120M 0s
 11650K .......... .......... .......... .......... .......... 84%  162M 0s
 11700K .......... .......... .......... .......... .......... 84% 18.2M 0s
 11750K .......... .......... .......... .......... .......... 85%  163M 0s
 11800K .......... .......... .......... .......... .......... 85%  156M 0s
 11850K .......... .......... .......... .......... .......... 85%  253M 0s
 11900K .......... .......... .......... .......... .......... 86%  261M 0s
 11950K .......... .......... .......... .......... .......... 86%  255M 0s
 12000K .......... .......... .......... .......... .......... 87% 14.4M 0s
 12050K .......... .......... .......... .......... .......... 87%  158M 0s
 12100K .......... .......... .......... .......... .......... 87%  149M 0s
 12150K .......... .......... .......... .......... .......... 88% 15.7M 0s
 12200K .......... .......... .......... .......... .......... 88% 43.1M 0s
 12250K .......... .......... .......... .......... .......... 88% 56.1M 0s
 12300K .......... .......... .......... .......... .......... 89% 53.8M 0s
 12350K .......... .......... .......... .......... .......... 89% 52.9M 0s
 12400K .......... .......... .......... .......... .......... 89% 29.1M 0s
 12450K .......... .......... .......... .......... .......... 90% 45.6M 0s
 12500K .......... .......... .......... .......... .......... 90% 49.3M 0s
 12550K .......... .......... .......... .......... .......... 91% 56.5M 0s
 12600K .......... .......... .......... .......... .......... 91% 59.1M 0s
 12650K .......... .......... .......... .......... .......... 91% 56.6M 0s
 12700K .......... .......... .......... .......... .......... 92% 59.9M 0s
 12750K .......... .......... .......... .......... .......... 92% 58.0M 0s
 12800K .......... .......... .......... .......... .......... 92% 36.3M 0s
 12850K .......... .......... .......... .......... .......... 93% 1.68M 0s
 12900K .......... .......... .......... .......... .......... 93% 38.7M 0s
 12950K .......... .......... .......... .......... .......... 93%  144M 0s
 13000K .......... .......... .......... .......... .......... 94% 20.7M 0s
 13050K .......... .......... .......... .......... .......... 94% 21.4M 0s
 13100K .......... .......... .......... .......... .......... 94% 25.3M 0s
 13150K .......... .......... .......... .......... .......... 95% 30.8M 0s
 13200K .......... .......... .......... .......... .......... 95% 26.7M 0s
 13250K .......... .......... .......... .......... .......... 96% 34.0M 0s
 13300K .......... .......... .......... .......... .......... 96% 35.7M 0s
 13350K .......... .......... .......... .......... .......... 96% 34.4M 0s
 13400K .......... .......... .......... .......... .......... 97% 34.5M 0s
 13450K .......... .......... .......... .......... .......... 97% 36.2M 0s
 13500K .......... .......... .......... .......... .......... 97% 35.5M 0s
 13550K .......... .......... .......... .......... .......... 98% 36.7M 0s
 13600K .......... .......... .......... .......... .......... 98% 43.5M 0s
 13650K .......... .......... .......... .......... .......... 98%  234M 0s
 13700K .......... .......... .......... .......... .......... 99% 40.2M 0s
 13750K .......... .......... .......... .......... .......... 99% 45.2M 0s
 13800K .......... .......... .......... .......... ....      100% 32.3M=0.9s

2026-02-20 07:44:50 (14.9 MB/s) - ‘UID_0000184_spec_CPS_01.ipac’ saved [14176729/14176729]

--2026-02-20 07:45:18--  http://exoplanetarchive.ipac.caltech.edu/data/ExoData/0000/0000184/spectra/UID_0000184_spec_CPS_01.ipac
Resolving exoplanetarchive.ipac.caltech.edu (exoplanetarchive.ipac.caltech.edu)... 134.4.25.48
Connecting to exoplanetarchive.ipac.caltech.edu (exoplanetarchive.ipac.caltech.edu)|134.4.25.48|:80... connected.
HTTP request sent, awaiting response... 302 Found
Location: https://exoplanetarchive.ipac.caltech.edu/data/ExoData/0000/0000184/spectra/UID_0000184_spec_CPS_01.ipac [following]
--2026-02-20 07:45:18--  https://exoplanetarchive.ipac.caltech.edu/data/ExoData/0000/0000184/spectra/UID_0000184_spec_CPS_01.ipac
Connecting to exoplanetarchive.ipac.caltech.edu (exoplanetarchive.ipac.caltech.edu)|134.4.25.48|:443... connected.
HTTP request sent, awaiting response... 200 OK
Length: 14176729 (14M)
Saving to: ‘UID_0000184_spec_CPS_01.ipac’

     0K .......... .......... .......... .......... ..........  0%  339K 41s
    50K .......... .......... .......... .......... ..........  0%  688K 30s
   100K .......... .......... .......... .......... ..........  1% 27.8M 20s
   150K .......... .......... .......... .......... ..........  1% 36.4M 15s
   200K .......... .......... .......... .......... ..........  1%  700K 16s
   250K .......... .......... .......... .......... ..........  2%  229M 13s
   300K .......... .......... .......... .......... ..........  2%  249M 11s
   350K .......... .......... .......... .......... ..........  2%  247M 10s
   400K .......... .......... .......... .......... ..........  3%  698K 11s
   450K .......... .......... .......... .......... ..........  3%  177M 10s
   500K .......... .......... .......... .......... ..........  3%  135M 9s
   550K .......... .......... .......... .......... ..........  4%  192M 8s
   600K .......... .......... .......... .......... ..........  4%  177M 7s
   650K .......... .......... .......... .......... ..........  5% 21.7M 7s
   700K .......... .......... .......... .......... ..........  5% 86.7M 6s
   750K .......... .......... .......... .......... ..........  5% 52.0M 6s
   800K .......... .......... .......... .......... ..........  6% 41.2M 6s
   850K .......... .......... .......... .......... ..........  6%  742K 6s
   900K .......... .......... .......... .......... ..........  6%  160M 6s
   950K .......... .......... .......... .......... ..........  7%  194M 6s
  1000K .......... .......... .......... .......... ..........  7%  192M 5s
  1050K .......... .......... .......... .......... ..........  7%  202M 5s
  1100K .......... .......... .......... .......... ..........  8%  219M 5s
  1150K .......... .......... .......... .......... ..........  8%  220M 5s
  1200K .......... .......... .......... .......... ..........  9%  191M 4s
  1250K .......... .......... .......... .......... ..........  9% 12.1M 4s
  1300K .......... .......... .......... .......... ..........  9%  121M 4s
  1350K .......... .......... .......... .......... .......... 10% 33.3M 4s
  1400K .......... .......... .......... .......... .......... 10% 84.1M 4s
  1450K .......... .......... .......... .......... .......... 10% 36.9M 4s
  1500K .......... .......... .......... .......... .......... 11% 31.6M 4s
  1550K .......... .......... .......... .......... .......... 11% 30.2M 3s
  1600K .......... .......... .......... .......... .......... 11% 24.8M 3s
  1650K .......... .......... .......... .......... .......... 12% 30.2M 3s
  1700K .......... .......... .......... .......... .......... 12%  872K 4s
  1750K .......... .......... .......... .......... .......... 13%  181M 3s
  1800K .......... .......... .......... .......... .......... 13%  211M 3s
  1850K .......... .......... .......... .......... .......... 13%  202M 3s
  1900K .......... .......... .......... .......... .......... 14%  247M 3s
  1950K .......... .......... .......... .......... .......... 14%  222M 3s
  2000K .......... .......... .......... .......... .......... 14%  142M 3s
  2050K .......... .......... .......... .......... .......... 15%  259M 3s
  2100K .......... .......... .......... .......... .......... 15%  259M 3s
  2150K .......... .......... .......... .......... .......... 15%  249M 3s
  2200K .......... .......... .......... .......... .......... 16% 7.67M 3s
  2250K .......... .......... .......... .......... .......... 16%  108M 3s
  2300K .......... .......... .......... .......... .......... 16%  101M 3s
  2350K .......... .......... .......... .......... .......... 17%  111M 2s
  2400K .......... .......... .......... .......... .......... 17% 36.5M 2s
  2450K .......... .......... .......... .......... .......... 18% 39.9M 2s
  2500K .......... .......... .......... .......... .......... 18% 60.4M 2s
  2550K .......... .......... .......... .......... .......... 18% 39.0M 2s
  2600K .......... .......... .......... .......... .......... 19% 34.9M 2s
  2650K .......... .......... .......... .......... .......... 19% 36.8M 2s
  2700K .......... .......... .......... .......... .......... 19% 23.2M 2s
  2750K .......... .......... .......... .......... .......... 20%  106M 2s
  2800K .......... .......... .......... .......... .......... 20% 18.7M 2s
  2850K .......... .......... .......... .......... .......... 20% 53.0M 2s
  2900K .......... .......... .......... .......... .......... 21% 26.7M 2s
  2950K .......... .......... .......... .......... .......... 21% 35.8M 2s
  3000K .......... .......... .......... .......... .......... 22% 46.0M 2s
  3050K .......... .......... .......... .......... .......... 22%  234M 2s
  3100K .......... .......... .......... .......... .......... 22%  256M 2s
  3150K .......... .......... .......... .......... .......... 23%  252M 2s
  3200K .......... .......... .......... .......... .......... 23% 26.3M 2s
  3250K .......... .......... .......... .......... .......... 23% 44.5M 2s
  3300K .......... .......... .......... .......... .......... 24% 32.6M 2s
  3350K .......... .......... .......... .......... .......... 24% 32.7M 2s
  3400K .......... .......... .......... .......... .......... 24% 39.0M 2s
  3450K .......... .......... .......... .......... .......... 25% 1.27M 2s
  3500K .......... .......... .......... .......... .......... 25% 21.7M 2s
  3550K .......... .......... .......... .......... .......... 26%  200M 2s
  3600K .......... .......... .......... .......... .......... 26%  139M 2s
  3650K .......... .......... .......... .......... .......... 26%  193M 2s
  3700K .......... .......... .......... .......... .......... 27%  190M 2s
  3750K .......... .......... .......... .......... .......... 27% 15.5M 2s
  3800K .......... .......... .......... .......... .......... 27% 73.7M 2s
  3850K .......... .......... .......... .......... .......... 28% 31.4M 2s
  3900K .......... .......... .......... .......... .......... 28% 30.1M 1s
  3950K .......... .......... .......... .......... .......... 28% 24.5M 1s
  4000K .......... .......... .......... .......... .......... 29% 21.9M 1s
  4050K .......... .......... .......... .......... .......... 29% 30.4M 1s
  4100K .......... .......... .......... .......... .......... 29% 27.1M 1s
  4150K .......... .......... .......... .......... .......... 30% 39.3M 1s
  4200K .......... .......... .......... .......... .......... 30% 46.0M 1s
  4250K .......... .......... .......... .......... .......... 31% 50.1M 1s
  4300K .......... .......... .......... .......... .......... 31% 43.2M 1s
  4350K .......... .......... .......... .......... .......... 31% 45.9M 1s
  4400K .......... .......... .......... .......... .......... 32% 30.0M 1s
  4450K .......... .......... .......... .......... .......... 32% 36.9M 1s
  4500K .......... .......... .......... .......... .......... 32% 37.8M 1s
  4550K .......... .......... .......... .......... .......... 33% 47.5M 1s
  4600K .......... .......... .......... .......... .......... 33% 43.1M 1s
  4650K .......... .......... .......... .......... .......... 33% 41.0M 1s
  4700K .......... .......... .......... .......... .......... 34% 41.0M 1s
  4750K .......... .......... .......... .......... .......... 34% 44.2M 1s
  4800K .......... .......... .......... .......... .......... 35% 33.1M 1s
  4850K .......... .......... .......... .......... .......... 35% 18.6M 1s
  4900K .......... .......... .......... .......... .......... 35% 35.7M 1s
  4950K .......... .......... .......... .......... .......... 36%  179M 1s
  5000K .......... .......... .......... .......... .......... 36%  165M 1s
  5050K .......... .......... .......... .......... .......... 36%  170M 1s
  5100K .......... .......... .......... .......... .......... 37%  225M 1s
  5150K .......... .......... .......... .......... .......... 37%  258M 1s
  5200K .......... .......... .......... .......... .......... 37%  196M 1s
  5250K .......... .......... .......... .......... .......... 38%  258M 1s
  5300K .......... .......... .......... .......... .......... 38% 26.5M 1s
  5350K .......... .......... .......... .......... .......... 39% 58.1M 1s
  5400K .......... .......... .......... .......... .......... 39% 59.5M 1s
  5450K .......... .......... .......... .......... .......... 39% 59.7M 1s
  5500K .......... .......... .......... .......... .......... 40% 59.5M 1s
  5550K .......... .......... .......... .......... .......... 40% 60.7M 1s
  5600K .......... .......... .......... .......... .......... 40% 41.5M 1s
  5650K .......... .......... .......... .......... .......... 41% 93.9M 1s
  5700K .......... .......... .......... .......... .......... 41% 13.8M 1s
  5750K .......... .......... .......... .......... .......... 41%  128M 1s
  5800K .......... .......... .......... .......... .......... 42% 25.7M 1s
  5850K .......... .......... .......... .......... .......... 42% 47.8M 1s
  5900K .......... .......... .......... .......... .......... 42% 37.0M 1s
  5950K .......... .......... .......... .......... .......... 43% 43.9M 1s
  6000K .......... .......... .......... .......... .......... 43% 23.8M 1s
  6050K .......... .......... .......... .......... .......... 44% 40.5M 1s
  6100K .......... .......... .......... .......... .......... 44% 37.5M 1s
  6150K .......... .......... .......... .......... .......... 44% 38.3M 1s
  6200K .......... .......... .......... .......... .......... 45% 39.3M 1s
  6250K .......... .......... .......... .......... .......... 45% 37.7M 1s
  6300K .......... .......... .......... .......... .......... 45% 36.4M 1s
  6350K .......... .......... .......... .......... .......... 46% 41.2M 1s
  6400K .......... .......... .......... .......... .......... 46% 32.6M 1s
  6450K .......... .......... .......... .......... .......... 46% 37.9M 1s
  6500K .......... .......... .......... .......... .......... 47% 45.2M 1s
  6550K .......... .......... .......... .......... .......... 47% 27.1M 1s
  6600K .......... .......... .......... .......... .......... 48% 54.1M 1s
  6650K .......... .......... .......... .......... .......... 48% 52.8M 1s
  6700K .......... .......... .......... .......... .......... 48% 23.1M 1s
  6750K .......... .......... .......... .......... .......... 49% 31.4M 1s
  6800K .......... .......... .......... .......... .......... 49% 27.8M 1s
  6850K .......... .......... .......... .......... .......... 49% 43.6M 1s
  6900K .......... .......... .......... .......... .......... 50% 32.9M 1s
  6950K .......... .......... .......... .......... .......... 50% 43.3M 1s
  7000K .......... .......... .......... .......... .......... 50% 45.6M 1s
  7050K .......... .......... .......... .......... .......... 51% 43.8M 1s
  7100K .......... .......... .......... .......... .......... 51% 43.5M 1s
  7150K .......... .......... .......... .......... .......... 52% 43.9M 1s
  7200K .......... .......... .......... .......... .......... 52% 25.4M 1s
  7250K .......... .......... .......... .......... .......... 52% 66.4M 1s
  7300K .......... .......... .......... .......... .......... 53%  221M 1s
  7350K .......... .......... .......... .......... .......... 53%  233M 1s
  7400K .......... .......... .......... .......... .......... 53% 14.8M 1s
  7450K .......... .......... .......... .......... .......... 54% 37.6M 1s
  7500K .......... .......... .......... .......... .......... 54% 26.0M 1s
  7550K .......... .......... .......... .......... .......... 54% 23.1M 1s
  7600K .......... .......... .......... .......... .......... 55% 32.3M 1s
  7650K .......... .......... .......... .......... .......... 55%  172M 1s
  7700K .......... .......... .......... .......... .......... 55%  189M 1s
  7750K .......... .......... .......... .......... .......... 56%  174M 1s
  7800K .......... .......... .......... .......... .......... 56%  165M 1s
  7850K .......... .......... .......... .......... .......... 57%  178M 1s
  7900K .......... .......... .......... .......... .......... 57%  174M 1s
  7950K .......... .......... .......... .......... .......... 57% 13.5M 1s
  8000K .......... .......... .......... .......... .......... 58% 91.8M 1s
  8050K .......... .......... .......... .......... .......... 58%  124M 0s
  8100K .......... .......... .......... .......... .......... 58%  134M 0s
  8150K .......... .......... .......... .......... .......... 59% 50.4M 0s
  8200K .......... .......... .......... .......... .......... 59% 27.8M 0s
  8250K .......... .......... .......... .......... .......... 59% 4.32M 0s
  8300K .......... .......... .......... .......... .......... 60% 61.2M 0s
  8350K .......... .......... .......... .......... .......... 60% 43.7M 0s
  8400K .......... .......... .......... .......... .......... 61% 33.1M 0s
  8450K .......... .......... .......... .......... .......... 61% 47.6M 0s
  8500K .......... .......... .......... .......... .......... 61% 44.8M 0s
  8550K .......... .......... .......... .......... .......... 62% 46.0M 0s
  8600K .......... .......... .......... .......... .......... 62% 45.3M 0s
  8650K .......... .......... .......... .......... .......... 62% 41.0M 0s
  8700K .......... .......... .......... .......... .......... 63% 42.1M 0s
  8750K .......... .......... .......... .......... .......... 63% 49.0M 0s
  8800K .......... .......... .......... .......... .......... 63% 29.9M 0s
  8850K .......... .......... .......... .......... .......... 64% 38.2M 0s
  8900K .......... .......... .......... .......... .......... 64% 39.0M 0s
  8950K .......... .......... .......... .......... .......... 65% 42.2M 0s
  9000K .......... .......... .......... .......... .......... 65% 40.5M 0s
  9050K .......... .......... .......... .......... .......... 65% 46.0M 0s
  9100K .......... .......... .......... .......... .......... 66% 47.7M 0s
  9150K .......... .......... .......... .......... .......... 66% 43.6M 0s
  9200K .......... .......... .......... .......... .......... 66% 31.6M 0s
  9250K .......... .......... .......... .......... .......... 67% 50.9M 0s
  9300K .......... .......... .......... .......... .......... 67% 43.7M 0s
  9350K .......... .......... .......... .......... .......... 67% 41.1M 0s
  9400K .......... .......... .......... .......... .......... 68% 40.7M 0s
  9450K .......... .......... .......... .......... .......... 68% 43.2M 0s
  9500K .......... .......... .......... .......... .......... 68% 41.1M 0s
  9550K .......... .......... .......... .......... .......... 69% 58.0M 0s
  9600K .......... .......... .......... .......... .......... 69%  157M 0s
  9650K .......... .......... .......... .......... .......... 70% 42.4M 0s
  9700K .......... .......... .......... .......... .......... 70% 53.2M 0s
  9750K .......... .......... .......... .......... .......... 70% 43.5M 0s
  9800K .......... .......... .......... .......... .......... 71% 35.3M 0s
  9850K .......... .......... .......... .......... .......... 71% 45.1M 0s
  9900K .......... .......... .......... .......... .......... 71% 43.9M 0s
  9950K .......... .......... .......... .......... .......... 72% 50.2M 0s
 10000K .......... .......... .......... .......... .......... 72% 32.4M 0s
 10050K .......... .......... .......... .......... .......... 72% 40.8M 0s
 10100K .......... .......... .......... .......... .......... 73% 32.6M 0s
 10150K .......... .......... .......... .......... .......... 73%  108M 0s
 10200K .......... .......... .......... .......... .......... 74%  218M 0s
 10250K .......... .......... .......... .......... .......... 74%  260M 0s
 10300K .......... .......... .......... .......... .......... 74%  263M 0s
 10350K .......... .......... .......... .......... .......... 75% 28.3M 0s
 10400K .......... .......... .......... .......... .......... 75% 34.8M 0s
 10450K .......... .......... .......... .......... .......... 75% 34.6M 0s
 10500K .......... .......... .......... .......... .......... 76% 47.9M 0s
 10550K .......... .......... .......... .......... .......... 76% 39.4M 0s
 10600K .......... .......... .......... .......... .......... 76% 47.7M 0s
 10650K .......... .......... .......... .......... .......... 77% 22.7M 0s
 10700K .......... .......... .......... .......... .......... 77% 18.0M 0s
 10750K .......... .......... .......... .......... .......... 78%  121M 0s
 10800K .......... .......... .......... .......... .......... 78%  132M 0s
 10850K .......... .......... .......... .......... .......... 78%  187M 0s
 10900K .......... .......... .......... .......... .......... 79% 8.67M 0s
 10950K .......... .......... .......... .......... .......... 79%  142M 0s
 11000K .......... .......... .......... .......... .......... 79% 16.9M 0s
 11050K .......... .......... .......... .......... .......... 80% 40.8M 0s
 11100K .......... .......... .......... .......... .......... 80%  249M 0s
 11150K .......... .......... .......... .......... .......... 80% 13.9M 0s
 11200K .......... .......... .......... .......... .......... 81% 9.94M 0s
 11250K .......... .......... .......... .......... .......... 81% 17.5M 0s
 11300K .......... .......... .......... .......... .......... 81% 12.1M 0s
 11350K .......... .......... .......... .......... .......... 82% 63.9M 0s
 11400K .......... .......... .......... .......... .......... 82%  226M 0s
 11450K .......... .......... .......... .......... .......... 83%  282M 0s
 11500K .......... .......... .......... .......... .......... 83%  294M 0s
 11550K .......... .......... .......... .......... .......... 83%  293M 0s
 11600K .......... .......... .......... .......... .......... 84%  219M 0s
 11650K .......... .......... .......... .......... .......... 84%  283M 0s
 11700K .......... .......... .......... .......... .......... 84% 5.78M 0s
 11750K .......... .......... .......... .......... .......... 85%  151M 0s
 11800K .......... .......... .......... .......... .......... 85%  125M 0s
 11850K .......... .......... .......... .......... .......... 85%  124M 0s
 11900K .......... .......... .......... .......... .......... 86%  139M 0s
 11950K .......... .......... .......... .......... .......... 86%  129M 0s
 12000K .......... .......... .......... .......... .......... 87%  104M 0s
 12050K .......... .......... .......... .......... .......... 87% 31.1M 0s
 12100K .......... .......... .......... .......... .......... 87% 13.7M 0s
 12150K .......... .......... .......... .......... .......... 88%  197M 0s
 12200K .......... .......... .......... .......... .......... 88%  247M 0s
 12250K .......... .......... .......... .......... .......... 88%  198M 0s
 12300K .......... .......... .......... .......... .......... 89%  196M 0s
 12350K .......... .......... .......... .......... .......... 89%  254M 0s
 12400K .......... .......... .......... .......... .......... 89% 4.30M 0s
 12450K .......... .......... .......... .......... .......... 90% 74.9M 0s
 12500K .......... .......... .......... .......... .......... 90% 20.0M 0s
 12550K .......... .......... .......... .......... .......... 91% 15.9M 0s
 12600K .......... .......... .......... .......... .......... 91% 20.8M 0s
 12650K .......... .......... .......... .......... .......... 91%  164M 0s
 12700K .......... .......... .......... .......... .......... 92%  189M 0s
 12750K .......... .......... .......... .......... .......... 92%  239M 0s
 12800K .......... .......... .......... .......... .......... 92%  198M 0s
 12850K .......... .......... .......... .......... .......... 93% 13.8M 0s
 12900K .......... .......... .......... .......... .......... 93%  121M 0s
 12950K .......... .......... .......... .......... .......... 93%  128M 0s
 13000K .......... .......... .......... .......... .......... 94% 55.6M 0s
 13050K .......... .......... .......... .......... .......... 94% 50.5M 0s
 13100K .......... .......... .......... .......... .......... 94% 33.4M 0s
 13150K .......... .......... .......... .......... .......... 95% 38.7M 0s
 13200K .......... .......... .......... .......... .......... 95% 24.4M 0s
 13250K .......... .......... .......... .......... .......... 96% 71.9M 0s
 13300K .......... .......... .......... .......... .......... 96%  170M 0s
 13350K .......... .......... .......... .......... .......... 96% 30.0M 0s
 13400K .......... .......... .......... .......... .......... 97% 98.8M 0s
 13450K .......... .......... .......... .......... .......... 97% 33.9M 0s
 13500K .......... .......... .......... .......... .......... 97% 31.4M 0s
 13550K .......... .......... .......... .......... .......... 98% 29.5M 0s
 13600K .......... .......... .......... .......... .......... 98% 35.4M 0s
 13650K .......... .......... .......... .......... .......... 98% 34.8M 0s
 13700K .......... .......... .......... .......... .......... 99% 33.3M 0s
 13750K .......... .......... .......... .......... .......... 99% 32.7M 0s
 13800K .......... .......... .......... .......... ....      100% 54.2M=0.9s

2026-02-20 07:45:19 (15.8 MB/s) - ‘UID_0000184_spec_CPS_01.ipac’ saved [14176729/14176729]

